<?xml version="1.0" encoding="UTF-8"?>
<!-- Generated by org.testng.reporters.JUnitReportReporter -->
<testsuite skipped="0" hostname="DESKTOP-941BKNN" name="Test.LoginTest" tests="1" failures="0" timestamp="18 May 2021 14:14:07 GMT" time="11.096" errors="0">
  <testcase name="verifyingtheloginTest" time="11.096" classname="Test.LoginTest"/>
</testsuite> <!-- Test.LoginTest -->
